[ 2017-10-02T14:13:24+08:00 ] 0.0.0.0 /volunteer/index.php
INFO: [ app_begin ] --START--
INFO: Run ReadHtmlCache Behavior [ RunTime:0.000799s ]
INFO: [ app_begin ] --END-- [ RunTime:0.014717s ]
SQL: SHOW COLUMNS FROM `think_user` [ RunTime:0.009450s ]
ERR: Table 'volunteer.think_user' doesn't exist
 [ SQL语句 ] : SHOW COLUMNS FROM `think_user`
SQL: SELECT * FROM `think_user`  [ RunTime:0.000383s ]
ERR: Table 'volunteer.think_user' doesn't exist
 [ SQL语句 ] : SELECT * FROM `think_user` 

[ 2017-10-02T14:16:14+08:00 ] 0.0.0.0 /volunteer/index.php
INFO: [ app_begin ] --START--
INFO: Run ReadHtmlCache Behavior [ RunTime:0.000716s ]
INFO: [ app_begin ] --END-- [ RunTime:0.000836s ]
SQL: SHOW COLUMNS FROM `think_user` [ RunTime:0.010280s ]
ERR: Table 'volunteer.think_user' doesn't exist
 [ SQL语句 ] : SHOW COLUMNS FROM `think_user`
SQL: SELECT * FROM `think_user`  [ RunTime:0.000412s ]
ERR: Table 'volunteer.think_user' doesn't exist
 [ SQL语句 ] : SELECT * FROM `think_user` 

[ 2017-10-02T14:19:56+08:00 ] 0.0.0.0 /volunteer/
INFO: [ app_begin ] --START--
INFO: Run ReadHtmlCache Behavior [ RunTime:0.000675s ]
INFO: [ app_begin ] --END-- [ RunTime:0.000777s ]
SQL: SHOW COLUMNS FROM `think_user` [ RunTime:0.050838s ]
ERR: Table 'volunteer.think_user' doesn't exist
 [ SQL语句 ] : SHOW COLUMNS FROM `think_user`
SQL: SELECT * FROM `think_user`  [ RunTime:0.000348s ]
ERR: Table 'volunteer.think_user' doesn't exist
 [ SQL语句 ] : SELECT * FROM `think_user` 

[ 2017-10-02T14:21:04+08:00 ] 0.0.0.0 /volunteer/
INFO: [ app_begin ] --START--
INFO: Run ReadHtmlCache Behavior [ RunTime:0.000467s ]
INFO: [ app_begin ] --END-- [ RunTime:0.000576s ]
SQL: SHOW COLUMNS FROM `think_user` [ RunTime:0.010619s ]
ERR: Table 'volunteer.think_user' doesn't exist
 [ SQL语句 ] : SHOW COLUMNS FROM `think_user`
SQL: SELECT * FROM `think_user`  [ RunTime:0.000294s ]
ERR: Table 'volunteer.think_user' doesn't exist
 [ SQL语句 ] : SELECT * FROM `think_user` 

[ 2017-10-02T14:22:16+08:00 ] 0.0.0.0 /volunteer/
INFO: [ app_begin ] --START--
INFO: Run ReadHtmlCache Behavior [ RunTime:0.000759s ]
INFO: [ app_begin ] --END-- [ RunTime:0.000856s ]
SQL: SHOW COLUMNS FROM `think_user` [ RunTime:0.010035s ]
ERR: Table 'volunteer.think_user' doesn't exist
 [ SQL语句 ] : SHOW COLUMNS FROM `think_user`
SQL: SELECT * FROM `think_user`  [ RunTime:0.000408s ]
ERR: Table 'volunteer.think_user' doesn't exist
 [ SQL语句 ] : SELECT * FROM `think_user` 

[ 2017-10-02T14:24:13+08:00 ] 0.0.0.0 /volunteer/
INFO: [ app_begin ] --START--
INFO: Run ReadHtmlCache Behavior [ RunTime:0.000639s ]
INFO: [ app_begin ] --END-- [ RunTime:0.000759s ]
SQL: SHOW COLUMNS FROM `think_ff` [ RunTime:0.013034s ]
ERR: Table 'volunteer.think_ff' doesn't exist
 [ SQL语句 ] : SHOW COLUMNS FROM `think_ff`
SQL: SELECT * FROM `think_ff`  [ RunTime:0.000277s ]
ERR: Table 'volunteer.think_ff' doesn't exist
 [ SQL语句 ] : SELECT * FROM `think_ff` 

[ 2017-10-02T14:24:30+08:00 ] 0.0.0.0 /volunteer/
INFO: [ app_begin ] --START--
INFO: Run ReadHtmlCache Behavior [ RunTime:0.000701s ]
INFO: [ app_begin ] --END-- [ RunTime:0.000804s ]
SQL: SHOW COLUMNS FROM `think_user` [ RunTime:0.010100s ]
ERR: Table 'volunteer.think_user' doesn't exist
 [ SQL语句 ] : SHOW COLUMNS FROM `think_user`
SQL: SELECT * FROM `think_user`  [ RunTime:0.000319s ]
ERR: Table 'volunteer.think_user' doesn't exist
 [ SQL语句 ] : SELECT * FROM `think_user` 

[ 2017-10-02T14:24:41+08:00 ] 0.0.0.0 /volunteer/
INFO: [ app_begin ] --START--
INFO: Run ReadHtmlCache Behavior [ RunTime:0.000707s ]
INFO: [ app_begin ] --END-- [ RunTime:0.000814s ]
SQL: SHOW COLUMNS FROM `think_user` [ RunTime:0.006684s ]
ERR: Table 'volunteer.think_user' doesn't exist
 [ SQL语句 ] : SHOW COLUMNS FROM `think_user`
SQL: SELECT * FROM `think_user`  [ RunTime:0.000325s ]
ERR: Table 'volunteer.think_user' doesn't exist
 [ SQL语句 ] : SELECT * FROM `think_user` 

[ 2017-10-02T14:27:01+08:00 ] 0.0.0.0 /volunteer/
INFO: [ app_begin ] --START--
INFO: Run ReadHtmlCache Behavior [ RunTime:0.000731s ]
INFO: [ app_begin ] --END-- [ RunTime:0.000844s ]
SQL: SHOW COLUMNS FROM `think_user` [ RunTime:0.007180s ]
ERR: Table 'volunteer.think_user' doesn't exist
 [ SQL语句 ] : SHOW COLUMNS FROM `think_user`
SQL: SELECT * FROM `think_user`  [ RunTime:0.000352s ]
ERR: Table 'volunteer.think_user' doesn't exist
 [ SQL语句 ] : SELECT * FROM `think_user` 

[ 2017-10-02T14:39:37+08:00 ] ERR: (ThinkException) 模板不存在[./Home/Tpl/Index/index.html]
[ 2017-10-02T14:39:59+08:00 ] 0.0.0.0 /volunteer/
INFO: [ app_begin ] --START--
INFO: Run ReadHtmlCache Behavior [ RunTime:0.000944s ]
INFO: [ app_begin ] --END-- [ RunTime:0.001054s ]
SQL: SHOW COLUMNS FROM `think_user` [ RunTime:0.009122s ]
ERR: Table 'volunteer.think_user' doesn't exist
 [ SQL语句 ] : SHOW COLUMNS FROM `think_user`
SQL: SELECT * FROM `think_user`  [ RunTime:0.000301s ]
ERR: Table 'volunteer.think_user' doesn't exist
 [ SQL语句 ] : SELECT * FROM `think_user` 

[ 2017-10-02T14:43:39+08:00 ] 0.0.0.0 /volunteer/
INFO: [ app_begin ] --START--
INFO: Run ReadHtmlCache Behavior [ RunTime:0.001084s ]
INFO: [ app_begin ] --END-- [ RunTime:0.001304s ]
SQL: SHOW COLUMNS FROM `user` [ RunTime:0.129922s ]
SQL: SELECT * FROM `user`  [ RunTime:0.000407s ]

[ 2017-10-02T14:44:48+08:00 ] 0.0.0.0 /volunteer/
INFO: [ app_begin ] --START--
INFO: Run ReadHtmlCache Behavior [ RunTime:0.000705s ]
INFO: [ app_begin ] --END-- [ RunTime:0.000807s ]
SQL: SHOW COLUMNS FROM `user` [ RunTime:0.020297s ]
SQL: SELECT * FROM `user`  [ RunTime:0.000305s ]

[ 2017-10-02T14:47:18+08:00 ] 0.0.0.0 /volunteer/
INFO: [ app_begin ] --START--
INFO: Run ReadHtmlCache Behavior [ RunTime:0.000704s ]
INFO: [ app_begin ] --END-- [ RunTime:0.000823s ]
SQL: SHOW COLUMNS FROM `user` [ RunTime:0.022526s ]
SQL: SELECT * FROM `user`  [ RunTime:0.000374s ]

[ 2017-10-02T14:59:26+08:00 ] ERR: (ThinkException) 无法加载模块:Login
[ 2017-10-02T15:03:22+08:00 ] ERR: (ThinkException) 无法加载模块:Login
[ 2017-10-02T15:03:41+08:00 ] ERR: (ThinkException) 无法加载模块:Login
[ 2017-10-02T15:05:40+08:00 ] ERR: (ThinkException) 无法加载模块:Login
[ 2017-10-02T15:06:30+08:00 ] ERR: (ThinkException) 无法加载模块:Login
[ 2017-10-02T15:09:38+08:00 ] 0.0.0.0 /volunteer/index.php/Login/login
INFO: [ route_check ] --START--
INFO: Run CheckRoute Behavior [ RunTime:0.001882s ]
INFO: [ route_check ] --END-- [ RunTime:0.002147s ]
INFO: [ app_begin ] --START--
INFO: Run ReadHtmlCache Behavior [ RunTime:0.000755s ]
INFO: [ app_begin ] --END-- [ RunTime:0.000913s ]
INFO: [ view_template ] --START--
INFO: Run LocationTemplate Behavior [ RunTime:0.001110s ]
INFO: [ view_template ] --END-- [ RunTime:0.001291s ]
INFO: [ view_parse ] --START--
INFO: Run ParseTemplate Behavior [ RunTime:0.024086s ]
INFO: [ view_parse ] --END-- [ RunTime:0.024287s ]
INFO: [ view_filter ] --START--
INFO: Run ContentReplace Behavior [ RunTime:0.000693s ]
INFO: Run TokenBuild Behavior [ RunTime:0.000651s ]
INFO: Run WriteHtmlCache Behavior [ RunTime:0.001059s ]
INFO: Run ShowRuntime Behavior [ RunTime:0.001240s ]
INFO: [ view_filter ] --END-- [ RunTime:0.004928s ]
INFO: [ view_end ] --START--
INFO: Run ShowPageTrace Behavior [ RunTime:0.002007s ]
INFO: [ view_end ] --END-- [ RunTime:0.002120s ]

