[ 2017-10-09T21:10:42+08:00 ] 0.0.0.0 /volunteer/index.php/Login/login
INFO: [ route_check ] --START--
INFO: Run CheckRoute Behavior [ RunTime:0.001231s ]
INFO: [ route_check ] --END-- [ RunTime:0.001340s ]
INFO: [ app_begin ] --START--
INFO: Run ReadHtmlCache Behavior [ RunTime:0.000514s ]
INFO: [ app_begin ] --END-- [ RunTime:0.000607s ]
INFO: [ view_template ] --START--
INFO: Run LocationTemplate Behavior [ RunTime:0.019063s ]
INFO: [ view_template ] --END-- [ RunTime:0.019185s ]
INFO: [ view_parse ] --START--
INFO: Run ParseTemplate Behavior [ RunTime:0.053248s ]
INFO: [ view_parse ] --END-- [ RunTime:0.053392s ]
INFO: [ view_filter ] --START--
INFO: Run ContentReplace Behavior [ RunTime:0.012043s ]
INFO: Run TokenBuild Behavior [ RunTime:0.013605s ]
INFO: Run WriteHtmlCache Behavior [ RunTime:0.008469s ]
INFO: Run ShowRuntime Behavior [ RunTime:0.008142s ]
INFO: [ view_filter ] --END-- [ RunTime:0.042556s ]
INFO: [ view_end ] --START--
INFO: Run ShowPageTrace Behavior [ RunTime:0.016258s ]
INFO: [ view_end ] --END-- [ RunTime:0.016358s ]

[ 2017-10-09T21:14:01+08:00 ] 0.0.0.0 /volunteer/index.php/Login/login
INFO: [ route_check ] --START--
INFO: Run CheckRoute Behavior [ RunTime:0.000857s ]
INFO: [ route_check ] --END-- [ RunTime:0.000967s ]
INFO: [ app_begin ] --START--
INFO: Run ReadHtmlCache Behavior [ RunTime:0.000480s ]
INFO: [ app_begin ] --END-- [ RunTime:0.000591s ]
INFO: [ view_template ] --START--
INFO: Run LocationTemplate Behavior [ RunTime:0.000773s ]
INFO: [ view_template ] --END-- [ RunTime:0.000891s ]
INFO: [ view_parse ] --START--
INFO: Run ParseTemplate Behavior [ RunTime:0.006708s ]
INFO: [ view_parse ] --END-- [ RunTime:0.006829s ]
INFO: [ view_filter ] --START--
INFO: Run ContentReplace Behavior [ RunTime:0.000507s ]
INFO: Run TokenBuild Behavior [ RunTime:0.000493s ]
INFO: Run WriteHtmlCache Behavior [ RunTime:0.000368s ]
INFO: Run ShowRuntime Behavior [ RunTime:0.000605s ]
INFO: [ view_filter ] --END-- [ RunTime:0.002218s ]
INFO: [ view_end ] --START--
INFO: Run ShowPageTrace Behavior [ RunTime:0.000633s ]
INFO: [ view_end ] --END-- [ RunTime:0.000729s ]

